# JRE version: OpenJDK Runtime Environment (8.0_202-b03) (build 1.8.0_202-release-1483-b03)
# Java VM: OpenJDK 64-Bit Server VM (25.202-b03 mixed mode windows-amd64 compressed oops)
Heap:
 PSYoungGen      total 211968K, used 96024K [0x00000000e0000000, 0x00000000eef80000, 0x0000000100000000)
  eden space 198144K, 41% used [0x00000000e0000000,0x00000000e5080610,0x00000000ec180000)
  from space 13824K, 98% used [0x00000000ee200000,0x00000000eef45da0,0x00000000eef80000)
  to   space 19968K, 0% used [0x00000000ec880000,0x00000000ec880000,0x00000000edc00000)
 ParOldGen       total 123392K, used 37556K [0x00000000a0000000, 0x00000000a7880000, 0x00000000e0000000)
  object space 123392K, 30% used [0x00000000a0000000,0x00000000a24ad2a0,0x00000000a7880000)
 Metaspace       used 61557K, capacity 63568K, committed 63896K, reserved 1103872K
  class space    used 8292K, capacity 8789K, committed 8872K, reserved 1048576K
GC Heap History (10 events):
Event: 13.684 GC heap before
{Heap before GC invocations=11 (full 2):
 PSYoungGen      total 127488K, used 10167K [0x00000000e0000000, 0x00000000ebb00000, 0x0000000100000000)
  eden space 116224K, 0% used [0x00000000e0000000,0x00000000e0000000,0x00000000e7180000)
  from space 11264K, 90% used [0x00000000e7180000,0x00000000e7b6df10,0x00000000e7c80000)
  to   space 11776K, 0% used [0x00000000eaf80000,0x00000000eaf80000,0x00000000ebb00000)
 ParOldGen       total 53248K, used 8247K [0x00000000a0000000, 0x00000000a3400000, 0x00000000e0000000)
  object space 53248K, 15% used [0x00000000a0000000,0x00000000a080df88,0x00000000a3400000)
 Metaspace       used 34673K, capacity 35448K, committed 35496K, reserved 1079296K
  class space    used 4778K, capacity 5025K, committed 5032K, reserved 1048576K
Event: 13.829 GC heap after
Heap after GC invocations=11 (full 2):
 PSYoungGen      total 127488K, used 0K [0x00000000e0000000, 0x00000000ebb00000, 0x0000000100000000)
  eden space 116224K, 0% used [0x00000000e0000000,0x00000000e0000000,0x00000000e7180000)
  from space 11264K, 0% used [0x00000000e7180000,0x00000000e7180000,0x00000000e7c80000)
  to   space 11776K, 0% used [0x00000000eaf80000,0x00000000eaf80000,0x00000000ebb00000)
 ParOldGen       total 78848K, used 17149K [0x00000000a0000000, 0x00000000a4d00000, 0x00000000e0000000)
  object space 78848K, 21% used [0x00000000a0000000,0x00000000a10bf4c8,0x00000000a4d00000)
 Metaspace       used 34668K, capacity 35430K, committed 35496K, reserved 1079296K
  class space    used 4776K, capacity 5022K, committed 5032K, reserved 1048576K
}
Event: 17.015 GC heap before
{Heap before GC invocations=12 (full 2):
 PSYoungGen      total 127488K, used 116224K [0x00000000e0000000, 0x00000000ebb00000, 0x0000000100000000)
  eden space 116224K, 100% used [0x00000000e0000000,0x00000000e7180000,0x00000000e7180000)
  from space 11264K, 0% used [0x00000000e7180000,0x00000000e7180000,0x00000000e7c80000)
  to   space 11776K, 0% used [0x00000000eaf80000,0x00000000eaf80000,0x00000000ebb00000)
 ParOldGen       total 78848K, used 17149K [0x00000000a0000000, 0x00000000a4d00000, 0x00000000e0000000)
  object space 78848K, 21% used [0x00000000a0000000,0x00000000a10bf4c8,0x00000000a4d00000)
 Metaspace       used 45413K, capacity 46502K, committed 46760K, reserved 1089536K
  class space    used 6120K, capacity 6446K, committed 6568K, reserved 1048576K
Event: 17.110 GC heap after
Heap after GC invocations=12 (full 2):
 PSYoungGen      total 170496K, used 11759K [0x00000000e0000000, 0x00000000ebb00000, 0x0000000100000000)
  eden space 158720K, 0% used [0x00000000e0000000,0x00000000e0000000,0x00000000e9b00000)
  from space 11776K, 99% used [0x00000000eaf80000,0x00000000ebafbf90,0x00000000ebb00000)
  to   space 14336K, 0% used [0x00000000e9f00000,0x00000000e9f00000,0x00000000ead00000)
 ParOldGen       total 78848K, used 20613K [0x00000000a0000000, 0x00000000a4d00000, 0x00000000e0000000)
  object space 78848K, 26% used [0x00000000a0000000,0x00000000a1421588,0x00000000a4d00000)
 Metaspace       used 45413K, capacity 46502K, committed 46760K, reserved 1089536K
  class space    used 6120K, capacity 6446K, committed 6568K, reserved 1048576K
}
Event: 21.684 GC heap before
{Heap before GC invocations=13 (full 2):
 PSYoungGen      total 170496K, used 158064K [0x00000000e0000000, 0x00000000ebb00000, 0x0000000100000000)
  eden space 158720K, 92% used [0x00000000e0000000,0x00000000e8ee02f8,0x00000000e9b00000)
  from space 11776K, 99% used [0x00000000eaf80000,0x00000000ebafbf90,0x00000000ebb00000)
  to   space 14336K, 0% used [0x00000000e9f00000,0x00000000e9f00000,0x00000000ead00000)
 ParOldGen       total 78848K, used 20613K [0x00000000a0000000, 0x00000000a4d00000, 0x00000000e0000000)
  object space 78848K, 26% used [0x00000000a0000000,0x00000000a1421588,0x00000000a4d00000)
 Metaspace       used 57492K, capacity 59138K, committed 59160K, reserved 1099776K
  class space    used 7783K, capacity 8220K, committed 8232K, reserved 1048576K
Event: 21.720 GC heap after
Heap after GC invocations=13 (full 2):
 PSYoungGen      total 177152K, used 14330K [0x00000000e0000000, 0x00000000ef500000, 0x0000000100000000)
  eden space 162816K, 0% used [0x00000000e0000000,0x00000000e0000000,0x00000000e9f00000)
  from space 14336K, 99% used [0x00000000e9f00000,0x00000000eacfeba8,0x00000000ead00000)
  to   space 19456K, 0% used [0x00000000ee200000,0x00000000ee200000,0x00000000ef500000)
 ParOldGen       total 78848K, used 29628K [0x00000000a0000000, 0x00000000a4d00000, 0x00000000e0000000)
  object space 78848K, 37% used [0x00000000a0000000,0x00000000a1cef380,0x00000000a4d00000)
 Metaspace       used 57492K, capacity 59138K, committed 59160K, reserved 1099776K
  class space    used 7783K, capacity 8220K, committed 8232K, reserved 1048576K
}
Event: 21.720 GC heap before
{Heap before GC invocations=14 (full 3):
 PSYoungGen      total 177152K, used 14330K [0x00000000e0000000, 0x00000000ef500000, 0x0000000100000000)
  eden space 162816K, 0% used [0x00000000e0000000,0x00000000e0000000,0x00000000e9f00000)
  from space 14336K, 99% used [0x00000000e9f00000,0x00000000eacfeba8,0x00000000ead00000)
  to   space 19456K, 0% used [0x00000000ee200000,0x00000000ee200000,0x00000000ef500000)
 ParOldGen       total 78848K, used 29628K [0x00000000a0000000, 0x00000000a4d00000, 0x00000000e0000000)
  object space 78848K, 37% used [0x00000000a0000000,0x00000000a1cef380,0x00000000a4d00000)
 Metaspace       used 57492K, capacity 59138K, committed 59160K, reserved 1099776K
  class space    used 7783K, capacity 8220K, committed 8232K, reserved 1048576K
Event: 22.189 GC heap after
Heap after GC invocations=14 (full 3):
 PSYoungGen      total 177152K, used 0K [0x00000000e0000000, 0x00000000ef500000, 0x0000000100000000)
  eden space 162816K, 0% used [0x00000000e0000000,0x00000000e0000000,0x00000000e9f00000)
  from space 14336K, 0% used [0x00000000e9f00000,0x00000000e9f00000,0x00000000ead00000)
  to   space 19456K, 0% used [0x00000000ee200000,0x00000000ee200000,0x00000000ef500000)
 ParOldGen       total 123392K, used 37548K [0x00000000a0000000, 0x00000000a7880000, 0x00000000e0000000)
  object space 123392K, 30% used [0x00000000a0000000,0x00000000a24ab2a0,0x00000000a7880000)
 Metaspace       used 57492K, capacity 59138K, committed 59160K, reserved 1099776K
  class space    used 7783K, capacity 8220K, committed 8232K, reserved 1048576K
}
Event: 27.592 GC heap before
{Heap before GC invocations=15 (full 3):
 PSYoungGen      total 177152K, used 162816K [0x00000000e0000000, 0x00000000ef500000, 0x0000000100000000)
  eden space 162816K, 100% used [0x00000000e0000000,0x00000000e9f00000,0x00000000e9f00000)
  from space 14336K, 0% used [0x00000000e9f00000,0x00000000e9f00000,0x00000000ead00000)
  to   space 19456K, 0% used [0x00000000ee200000,0x00000000ee200000,0x00000000ef500000)
 ParOldGen       total 123392K, used 37548K [0x00000000a0000000, 0x00000000a7880000, 0x00000000e0000000)
  object space 123392K, 30% used [0x00000000a0000000,0x00000000a24ab2a0,0x00000000a7880000)
 Metaspace       used 60048K, capacity 61922K, committed 62104K, reserved 1103872K
  class space    used 8114K, capacity 8580K, committed 8616K, reserved 1048576K
Event: 27.619 GC heap after
Heap after GC invocations=15 (full 3):
 PSYoungGen      total 211968K, used 13591K [0x00000000e0000000, 0x00000000eef80000, 0x0000000100000000)
  eden space 198144K, 0% used [0x00000000e0000000,0x00000000e0000000,0x00000000ec180000)
  from space 13824K, 98% used [0x00000000ee200000,0x00000000eef45da0,0x00000000eef80000)
  to   space 19968K, 0% used [0x00000000ec880000,0x00000000ec880000,0x00000000edc00000)
 ParOldGen       total 123392K, used 37556K [0x00000000a0000000, 0x00000000a7880000, 0x00000000e0000000)
  object space 123392K, 30% used [0x00000000a0000000,0x00000000a24ad2a0,0x00000000a7880000)
 Metaspace       used 60048K, capacity 61922K, committed 62104K, reserved 1103872K
  class space    used 8114K, capacity 8580K, committed 8616K, reserved 1048576K
}

