# JRE version: OpenJDK Runtime Environment (8.0_202-b03) (build 1.8.0_202-release-1483-b03)
# Java VM: OpenJDK 64-Bit Server VM (25.202-b03 mixed mode windows-amd64 compressed oops)
Heap:
 PSYoungGen      total 265728K, used 129436K [0x00000000e0000000, 0x00000000f9380000, 0x0000000100000000)
  eden space 218112K, 59% used [0x00000000e0000000,0x00000000e7e672a8,0x00000000ed500000)
  from space 47616K, 0% used [0x00000000ed500000,0x00000000ed500000,0x00000000f0380000)
  to   space 75776K, 0% used [0x00000000f4980000,0x00000000f4980000,0x00000000f9380000)
 ParOldGen       total 317440K, used 147706K [0x00000000a0000000, 0x00000000b3600000, 0x00000000e0000000)
  object space 317440K, 46% used [0x00000000a0000000,0x00000000a903e9f0,0x00000000b3600000)
 Metaspace       used 83724K, capacity 86566K, committed 87320K, reserved 1124352K
  class space    used 10991K, capacity 11608K, committed 11816K, reserved 1048576K
GC Heap History (10 events):
Event: 3318.235 GC heap before
{Heap before GC invocations=19 (full 3):
 PSYoungGen      total 202240K, used 202208K [0x00000000e0000000, 0x00000000efd00000, 0x0000000100000000)
  eden space 183296K, 100% used [0x00000000e0000000,0x00000000eb300000,0x00000000eb300000)
  from space 18944K, 99% used [0x00000000eb300000,0x00000000ec578090,0x00000000ec580000)
  to   space 25088K, 0% used [0x00000000ee480000,0x00000000ee480000,0x00000000efd00000)
 ParOldGen       total 140288K, used 43221K [0x00000000a0000000, 0x00000000a8900000, 0x00000000e0000000)
  object space 140288K, 30% used [0x00000000a0000000,0x00000000a2a355c8,0x00000000a8900000)
 Metaspace       used 72684K, capacity 75044K, committed 75416K, reserved 1114112K
  class space    used 9488K, capacity 10037K, committed 10152K, reserved 1048576K
Event: 3318.484 GC heap after
Heap after GC invocations=19 (full 3):
 PSYoungGen      total 223744K, used 25077K [0x00000000e0000000, 0x00000000f2280000, 0x0000000100000000)
  eden space 198656K, 0% used [0x00000000e0000000,0x00000000e0000000,0x00000000ec200000)
  from space 25088K, 99% used [0x00000000ee480000,0x00000000efcfd628,0x00000000efd00000)
  to   space 35328K, 0% used [0x00000000ec200000,0x00000000ec200000,0x00000000ee480000)
 ParOldGen       total 140288K, used 61568K [0x00000000a0000000, 0x00000000a8900000, 0x00000000e0000000)
  object space 140288K, 43% used [0x00000000a0000000,0x00000000a3c203e0,0x00000000a8900000)
 Metaspace       used 72684K, capacity 75044K, committed 75416K, reserved 1114112K
  class space    used 9488K, capacity 10037K, committed 10152K, reserved 1048576K
}
Event: 3323.790 GC heap before
{Heap before GC invocations=20 (full 3):
 PSYoungGen      total 223744K, used 223733K [0x00000000e0000000, 0x00000000f2280000, 0x0000000100000000)
  eden space 198656K, 100% used [0x00000000e0000000,0x00000000ec200000,0x00000000ec200000)
  from space 25088K, 99% used [0x00000000ee480000,0x00000000efcfd628,0x00000000efd00000)
  to   space 35328K, 0% used [0x00000000ec200000,0x00000000ec200000,0x00000000ee480000)
 ParOldGen       total 140288K, used 61568K [0x00000000a0000000, 0x00000000a8900000, 0x00000000e0000000)
  object space 140288K, 43% used [0x00000000a0000000,0x00000000a3c203e0,0x00000000a8900000)
 Metaspace       used 74947K, capacity 77328K, committed 77592K, reserved 1116160K
  class space    used 9683K, capacity 10199K, committed 10280K, reserved 1048576K
Event: 3323.898 GC heap after
Heap after GC invocations=20 (full 3):
 PSYoungGen      total 233984K, used 24561K [0x00000000e0000000, 0x00000000f2780000, 0x0000000100000000)
  eden space 198656K, 0% used [0x00000000e0000000,0x00000000e0000000,0x00000000ec200000)
  from space 35328K, 69% used [0x00000000ec200000,0x00000000ed9fc4c0,0x00000000ee480000)
  to   space 36864K, 0% used [0x00000000f0380000,0x00000000f0380000,0x00000000f2780000)
 ParOldGen       total 140288K, used 85540K [0x00000000a0000000, 0x00000000a8900000, 0x00000000e0000000)
  object space 140288K, 60% used [0x00000000a0000000,0x00000000a53893f0,0x00000000a8900000)
 Metaspace       used 74947K, capacity 77328K, committed 77592K, reserved 1116160K
  class space    used 9683K, capacity 10199K, committed 10280K, reserved 1048576K
}
Event: 3326.656 GC heap before
{Heap before GC invocations=21 (full 3):
 PSYoungGen      total 233984K, used 223217K [0x00000000e0000000, 0x00000000f2780000, 0x0000000100000000)
  eden space 198656K, 100% used [0x00000000e0000000,0x00000000ec200000,0x00000000ec200000)
  from space 35328K, 69% used [0x00000000ec200000,0x00000000ed9fc4c0,0x00000000ee480000)
  to   space 36864K, 0% used [0x00000000f0380000,0x00000000f0380000,0x00000000f2780000)
 ParOldGen       total 140288K, used 85540K [0x00000000a0000000, 0x00000000a8900000, 0x00000000e0000000)
  object space 140288K, 60% used [0x00000000a0000000,0x00000000a53893f0,0x00000000a8900000)
 Metaspace       used 82102K, capacity 85194K, committed 85400K, reserved 1124352K
  class space    used 10788K, capacity 11428K, committed 11432K, reserved 1048576K
Event: 3326.757 GC heap after
Heap after GC invocations=21 (full 3):
 PSYoungGen      total 254976K, used 36840K [0x00000000e0000000, 0x00000000f3e80000, 0x0000000100000000)
  eden space 218112K, 0% used [0x00000000e0000000,0x00000000e0000000,0x00000000ed500000)
  from space 36864K, 99% used [0x00000000f0380000,0x00000000f277a228,0x00000000f2780000)
  to   space 47616K, 0% used [0x00000000ed500000,0x00000000ed500000,0x00000000f0380000)
 ParOldGen       total 140288K, used 98937K [0x00000000a0000000, 0x00000000a8900000, 0x00000000e0000000)
  object space 140288K, 70% used [0x00000000a0000000,0x00000000a609e770,0x00000000a8900000)
 Metaspace       used 82102K, capacity 85194K, committed 85400K, reserved 1124352K
  class space    used 10788K, capacity 11428K, committed 11432K, reserved 1048576K
}
Event: 3330.083 GC heap before
{Heap before GC invocations=22 (full 3):
 PSYoungGen      total 254976K, used 254952K [0x00000000e0000000, 0x00000000f3e80000, 0x0000000100000000)
  eden space 218112K, 100% used [0x00000000e0000000,0x00000000ed500000,0x00000000ed500000)
  from space 36864K, 99% used [0x00000000f0380000,0x00000000f277a228,0x00000000f2780000)
  to   space 47616K, 0% used [0x00000000ed500000,0x00000000ed500000,0x00000000f0380000)
 ParOldGen       total 140288K, used 98937K [0x00000000a0000000, 0x00000000a8900000, 0x00000000e0000000)
  object space 140288K, 70% used [0x00000000a0000000,0x00000000a609e770,0x00000000a8900000)
 Metaspace       used 83092K, capacity 86340K, committed 86680K, reserved 1124352K
  class space    used 10912K, capacity 11581K, committed 11688K, reserved 1048576K
Event: 3330.377 GC heap after
Heap after GC invocations=22 (full 3):
 PSYoungGen      total 265728K, used 47584K [0x00000000e0000000, 0x00000000f9380000, 0x0000000100000000)
  eden space 218112K, 0% used [0x00000000e0000000,0x00000000e0000000,0x00000000ed500000)
  from space 47616K, 99% used [0x00000000ed500000,0x00000000f0378238,0x00000000f0380000)
  to   space 75776K, 0% used [0x00000000f4980000,0x00000000f4980000,0x00000000f9380000)
 ParOldGen       total 154624K, used 154463K [0x00000000a0000000, 0x00000000a9700000, 0x00000000e0000000)
  object space 154624K, 99% used [0x00000000a0000000,0x00000000a96d7d78,0x00000000a9700000)
 Metaspace       used 83092K, capacity 86340K, committed 86680K, reserved 1124352K
  class space    used 10912K, capacity 11581K, committed 11688K, reserved 1048576K
}
Event: 3330.378 GC heap before
{Heap before GC invocations=23 (full 4):
 PSYoungGen      total 265728K, used 47584K [0x00000000e0000000, 0x00000000f9380000, 0x0000000100000000)
  eden space 218112K, 0% used [0x00000000e0000000,0x00000000e0000000,0x00000000ed500000)
  from space 47616K, 99% used [0x00000000ed500000,0x00000000f0378238,0x00000000f0380000)
  to   space 75776K, 0% used [0x00000000f4980000,0x00000000f4980000,0x00000000f9380000)
 ParOldGen       total 154624K, used 154463K [0x00000000a0000000, 0x00000000a9700000, 0x00000000e0000000)
  object space 154624K, 99% used [0x00000000a0000000,0x00000000a96d7d78,0x00000000a9700000)
 Metaspace       used 83092K, capacity 86340K, committed 86680K, reserved 1124352K
  class space    used 10912K, capacity 11581K, committed 11688K, reserved 1048576K
Event: 3332.128 GC heap after
Heap after GC invocations=23 (full 4):
 PSYoungGen      total 265728K, used 0K [0x00000000e0000000, 0x00000000f9380000, 0x0000000100000000)
  eden space 218112K, 0% used [0x00000000e0000000,0x00000000e0000000,0x00000000ed500000)
  from space 47616K, 0% used [0x00000000ed500000,0x00000000ed500000,0x00000000f0380000)
  to   space 75776K, 0% used [0x00000000f4980000,0x00000000f4980000,0x00000000f9380000)
 ParOldGen       total 317440K, used 147706K [0x00000000a0000000, 0x00000000b3600000, 0x00000000e0000000)
  object space 317440K, 46% used [0x00000000a0000000,0x00000000a903e9f0,0x00000000b3600000)
 Metaspace       used 82019K, capacity 84788K, committed 86680K, reserved 1124352K
  class space    used 10755K, capacity 11331K, committed 11688K, reserved 1048576K
}

