# JRE version: OpenJDK Runtime Environment (8.0_202-b03) (build 1.8.0_202-release-1483-b03)
# Java VM: OpenJDK 64-Bit Server VM (25.202-b03 mixed mode windows-amd64 compressed oops)
Heap:
 PSYoungGen      total 346112K, used 226935K [0x00000000e0000000, 0x00000000f6c80000, 0x0000000100000000)
  eden space 322560K, 70% used [0x00000000e0000000,0x00000000edd9dfa0,0x00000000f3b00000)
  from space 23552K, 0% used [0x00000000f5300000,0x00000000f5300000,0x00000000f6a00000)
  to   space 24576K, 0% used [0x00000000f3b00000,0x00000000f3b00000,0x00000000f5300000)
 ParOldGen       total 135680K, used 113790K [0x00000000a0000000, 0x00000000a8480000, 0x00000000e0000000)
  object space 135680K, 83% used [0x00000000a0000000,0x00000000a6f1fba8,0x00000000a8480000)
 Metaspace       used 84773K, capacity 87540K, committed 87896K, reserved 1126400K
  class space    used 10914K, capacity 11534K, committed 11648K, reserved 1048576K
GC Heap History (10 events):
Event: 19.330 GC heap before
{Heap before GC invocations=10 (full 2):
 PSYoungGen      total 233984K, used 71985K [0x00000000e0000000, 0x00000000f6a00000, 0x0000000100000000)
  eden space 218112K, 25% used [0x00000000e0000000,0x00000000e36cf1f8,0x00000000ed500000)
  from space 15872K, 99% used [0x00000000ed500000,0x00000000ee47d4a8,0x00000000ee480000)
  to   space 23552K, 0% used [0x00000000f5300000,0x00000000f5300000,0x00000000f6a00000)
 ParOldGen       total 94208K, used 27535K [0x00000000a0000000, 0x00000000a5c00000, 0x00000000e0000000)
  object space 94208K, 29% used [0x00000000a0000000,0x00000000a1ae3f08,0x00000000a5c00000)
 Metaspace       used 57325K, capacity 58948K, committed 59028K, reserved 1099776K
  class space    used 7772K, capacity 8175K, committed 8192K, reserved 1048576K
Event: 19.360 GC heap after
Heap after GC invocations=10 (full 2):
 PSYoungGen      total 346112K, used 16328K [0x00000000e0000000, 0x00000000f6c80000, 0x0000000100000000)
  eden space 322560K, 0% used [0x00000000e0000000,0x00000000e0000000,0x00000000f3b00000)
  from space 23552K, 69% used [0x00000000f5300000,0x00000000f62f2350,0x00000000f6a00000)
  to   space 24576K, 0% used [0x00000000f3b00000,0x00000000f3b00000,0x00000000f5300000)
 ParOldGen       total 94208K, used 27607K [0x00000000a0000000, 0x00000000a5c00000, 0x00000000e0000000)
  object space 94208K, 29% used [0x00000000a0000000,0x00000000a1af5f18,0x00000000a5c00000)
 Metaspace       used 57325K, capacity 58948K, committed 59028K, reserved 1099776K
  class space    used 7772K, capacity 8175K, committed 8192K, reserved 1048576K
}
Event: 19.360 GC heap before
{Heap before GC invocations=11 (full 3):
 PSYoungGen      total 346112K, used 16328K [0x00000000e0000000, 0x00000000f6c80000, 0x0000000100000000)
  eden space 322560K, 0% used [0x00000000e0000000,0x00000000e0000000,0x00000000f3b00000)
  from space 23552K, 69% used [0x00000000f5300000,0x00000000f62f2350,0x00000000f6a00000)
  to   space 24576K, 0% used [0x00000000f3b00000,0x00000000f3b00000,0x00000000f5300000)
 ParOldGen       total 94208K, used 27607K [0x00000000a0000000, 0x00000000a5c00000, 0x00000000e0000000)
  object space 94208K, 29% used [0x00000000a0000000,0x00000000a1af5f18,0x00000000a5c00000)
 Metaspace       used 57325K, capacity 58948K, committed 59028K, reserved 1099776K
  class space    used 7772K, capacity 8175K, committed 8192K, reserved 1048576K
Event: 19.704 GC heap after
Heap after GC invocations=11 (full 3):
 PSYoungGen      total 346112K, used 0K [0x00000000e0000000, 0x00000000f6c80000, 0x0000000100000000)
  eden space 322560K, 0% used [0x00000000e0000000,0x00000000e0000000,0x00000000f3b00000)
  from space 23552K, 0% used [0x00000000f5300000,0x00000000f5300000,0x00000000f6a00000)
  to   space 24576K, 0% used [0x00000000f3b00000,0x00000000f3b00000,0x00000000f5300000)
 ParOldGen       total 135680K, used 30706K [0x00000000a0000000, 0x00000000a8480000, 0x00000000e0000000)
  object space 135680K, 22% used [0x00000000a0000000,0x00000000a1dfc8e8,0x00000000a8480000)
 Metaspace       used 57303K, capacity 58876K, committed 59028K, reserved 1099776K
  class space    used 7765K, capacity 8163K, committed 8192K, reserved 1048576K
}
Event: 255.710 GC heap before
{Heap before GC invocations=12 (full 3):
 PSYoungGen      total 346112K, used 322560K [0x00000000e0000000, 0x00000000f6c80000, 0x0000000100000000)
  eden space 322560K, 100% used [0x00000000e0000000,0x00000000f3b00000,0x00000000f3b00000)
  from space 23552K, 0% used [0x00000000f5300000,0x00000000f5300000,0x00000000f6a00000)
  to   space 24576K, 0% used [0x00000000f3b00000,0x00000000f3b00000,0x00000000f5300000)
 ParOldGen       total 135680K, used 30706K [0x00000000a0000000, 0x00000000a8480000, 0x00000000e0000000)
  object space 135680K, 22% used [0x00000000a0000000,0x00000000a1dfc8e8,0x00000000a8480000)
 Metaspace       used 75382K, capacity 77894K, committed 78168K, reserved 1116160K
  class space    used 9922K, capacity 10507K, committed 10624K, reserved 1048576K
Event: 255.755 GC heap after
Heap after GC invocations=12 (full 3):
 PSYoungGen      total 347136K, used 24548K [0x00000000e0000000, 0x00000000f6c80000, 0x0000000100000000)
  eden space 322560K, 0% used [0x00000000e0000000,0x00000000e0000000,0x00000000f3b00000)
  from space 24576K, 99% used [0x00000000f3b00000,0x00000000f52f90d0,0x00000000f5300000)
  to   space 23552K, 0% used [0x00000000f5300000,0x00000000f5300000,0x00000000f6a00000)
 ParOldGen       total 135680K, used 38921K [0x00000000a0000000, 0x00000000a8480000, 0x00000000e0000000)
  object space 135680K, 28% used [0x00000000a0000000,0x00000000a2602680,0x00000000a8480000)
 Metaspace       used 75382K, capacity 77894K, committed 78168K, reserved 1116160K
  class space    used 9922K, capacity 10507K, committed 10624K, reserved 1048576K
}
Event: 261.915 GC heap before
{Heap before GC invocations=13 (full 3):
 PSYoungGen      total 347136K, used 347108K [0x00000000e0000000, 0x00000000f6c80000, 0x0000000100000000)
  eden space 322560K, 100% used [0x00000000e0000000,0x00000000f3b00000,0x00000000f3b00000)
  from space 24576K, 99% used [0x00000000f3b00000,0x00000000f52f90d0,0x00000000f5300000)
  to   space 23552K, 0% used [0x00000000f5300000,0x00000000f5300000,0x00000000f6a00000)
 ParOldGen       total 135680K, used 38921K [0x00000000a0000000, 0x00000000a8480000, 0x00000000e0000000)
  object space 135680K, 28% used [0x00000000a0000000,0x00000000a2602680,0x00000000a8480000)
 Metaspace       used 82226K, capacity 84892K, committed 85080K, reserved 1122304K
  class space    used 10698K, capacity 11336K, committed 11392K, reserved 1048576K
Event: 262.030 GC heap after
Heap after GC invocations=13 (full 3):
 PSYoungGen      total 346112K, used 23520K [0x00000000e0000000, 0x00000000f6c80000, 0x0000000100000000)
  eden space 322560K, 0% used [0x00000000e0000000,0x00000000e0000000,0x00000000f3b00000)
  from space 23552K, 99% used [0x00000000f5300000,0x00000000f69f8248,0x00000000f6a00000)
  to   space 24576K, 0% used [0x00000000f3b00000,0x00000000f3b00000,0x00000000f5300000)
 ParOldGen       total 135680K, used 103913K [0x00000000a0000000, 0x00000000a8480000, 0x00000000e0000000)
  object space 135680K, 76% used [0x00000000a0000000,0x00000000a657a7c0,0x00000000a8480000)
 Metaspace       used 82226K, capacity 84892K, committed 85080K, reserved 1122304K
  class space    used 10698K, capacity 11336K, committed 11392K, reserved 1048576K
}
Event: 262.030 GC heap before
{Heap before GC invocations=14 (full 4):
 PSYoungGen      total 346112K, used 23520K [0x00000000e0000000, 0x00000000f6c80000, 0x0000000100000000)
  eden space 322560K, 0% used [0x00000000e0000000,0x00000000e0000000,0x00000000f3b00000)
  from space 23552K, 99% used [0x00000000f5300000,0x00000000f69f8248,0x00000000f6a00000)
  to   space 24576K, 0% used [0x00000000f3b00000,0x00000000f3b00000,0x00000000f5300000)
 ParOldGen       total 135680K, used 103913K [0x00000000a0000000, 0x00000000a8480000, 0x00000000e0000000)
  object space 135680K, 76% used [0x00000000a0000000,0x00000000a657a7c0,0x00000000a8480000)
 Metaspace       used 82226K, capacity 84892K, committed 85080K, reserved 1122304K
  class space    used 10698K, capacity 11336K, committed 11392K, reserved 1048576K
Event: 263.140 GC heap after
Heap after GC invocations=14 (full 4):
 PSYoungGen      total 346112K, used 0K [0x00000000e0000000, 0x00000000f6c80000, 0x0000000100000000)
  eden space 322560K, 0% used [0x00000000e0000000,0x00000000e0000000,0x00000000f3b00000)
  from space 23552K, 0% used [0x00000000f5300000,0x00000000f5300000,0x00000000f6a00000)
  to   space 24576K, 0% used [0x00000000f3b00000,0x00000000f3b00000,0x00000000f5300000)
 ParOldGen       total 135680K, used 113790K [0x00000000a0000000, 0x00000000a8480000, 0x00000000e0000000)
  object space 135680K, 83% used [0x00000000a0000000,0x00000000a6f1fba8,0x00000000a8480000)
 Metaspace       used 82226K, capacity 84892K, committed 85080K, reserved 1122304K
  class space    used 10698K, capacity 11336K, committed 11392K, reserved 1048576K
}

